<?xml version="1.0" encoding="UTF-8"?>
<!-- Generated by org.testng.reporters.JUnitReportReporter -->
<testsuite hostname="PWLAP2681" failures="0" tests="2" name="testCases.VerifyCountryAndDate" time="13.112" errors="0" timestamp="07 Dec 2022 09:15:54 GMT" skipped="0">
  <testcase classname="testCases.VerifyCountryAndDate" name="VerifyDateOfRelease" time="9.432"/>
  <testcase classname="testCases.VerifyCountryAndDate" name="VerifyCountryOfRelease" time="3.680"/>
</testsuite> <!-- testCases.VerifyCountryAndDate -->
